{
  "RSpec": {
    "coverage": {
      "/Users/mccraw/Documents/cassandra-migration/cassandra_version.rb": [
        null,
        null,
        1,
        null,
        1,
        92,
        null,
        null,
        1,
        3,
        null,
        null,
        1,
        3,
        null,
        null,
        1,
        2,
        null,
        null
      ],
      "/Users/mccraw/Documents/cassandra-migration/cli.rb": [
        1,
        null,
        1,
        null,
        null,
        1,
        null,
        null,
        5,
        null,
        null,
        null,
        1,
        1,
        null,
        null,
        null,
        1,
        2,
        2,
        2,
        2,
        1,
        null,
        2,
        null,
        null,
        null
      ],
      "/Users/mccraw/Documents/cassandra-migration/main.rb": [
        1,
        1,
        1,
        1,
        1,
        null,
        null,
        null,
        1,
        null,
        1,
        1,
        1,
        1,
        null,
        null,
        1,
        1,
        1,
        null,
        1,
        1,
        null,
        null,
        null,
        1,
        3,
        0,
        0,
        null,
        null,
        null,
        null,
        null,
        0,
        0,
        0,
        0,
        null,
        null,
        3,
        null,
        null,
        1,
        null,
        3,
        null,
        null,
        null,
        1,
        0,
        0,
        null,
        null,
        null,
        null,
        null,
        0,
        0,
        0,
        0,
        null,
        null,
        null,
        null,
        1,
        2,
        1,
        null,
        null,
        2,
        1,
        null,
        2,
        null,
        null,
        null
      ],
      "/Users/mccraw/Documents/cassandra-migration/migrator.rb": [
        1,
        1,
        null,
        null,
        null,
        1,
        null,
        1,
        1,
        1,
        1,
        1,
        null,
        1,
        4,
        4,
        4,
        null,
        null,
        null,
        1,
        2,
        6,
        null,
        2,
        2,
        2,
        5,
        5,
        2,
        null,
        5,
        2,
        null,
        null,
        null,
        null,
        1,
        8,
        null,
        null,
        1,
        2,
        null,
        null,
        null,
        1,
        2,
        2,
        2,
        2,
        2,
        null,
        null,
        null,
        null,
        1,
        2,
        1,
        1,
        null,
        null,
        null,
        1,
        2,
        1,
        1,
        null,
        null,
        null
      ]
    },
    "timestamp": 1385953133
  }
}
